<?xml version="1.0" encoding="UTF-8"?>
<!-- Generated by org.testng.reporters.JUnitReportReporter -->
<testsuite skipped="0" hostname="DESKTOP-BQ2TH05" name="MagentoTest" tests="1" failures="0" timestamp="21 Jan 2019 11:44:00 GMT" time="72.384" errors="0">
  <testcase name="magento" time="72.384" classname="MagentoTest"/>
</testsuite> <!-- MagentoTest -->
